<?xml version="1.0" encoding="UTF-8"?>
<!-- Generated by org.testng.reporters.JUnitReportReporter -->
<testsuite skipped="0" hostname="tmzzs-Air.fios-router.home" name="com.hrms.testcases.LoginTest" tests="2" failures="0" timestamp="2020-06-01T21:35:39 EDT" time="8.850" errors="0">
  <testcase name="emptyUsernameLogin" time="4.767" classname="com.hrms.testcases.LoginTest"/>
  <system-out/>
  <testcase name="invalidPasswordLogin" time="4.083" classname="com.hrms.testcases.LoginTest"/>
  <system-out/>
</testsuite> <!-- com.hrms.testcases.LoginTest -->
