<?xml version="1.0" encoding="UTF-8"?>
<!-- Generated by org.testng.reporters.JUnitReportReporter -->
<testsuite skipped="0" hostname="tmzzs-Air.fios-router.home" name="com.hrms.testcases.LoginTest" tests="1" failures="0" timestamp="2020-05-30T22:23:08 EDT" time="6.585" errors="0">
  <testcase name="validAdminLogin" time="6.585" classname="com.hrms.testcases.LoginTest"/>
  <system-out/>
</testsuite> <!-- com.hrms.testcases.LoginTest -->
