<?xml version="1.0" encoding="UTF-8"?>
<!-- Generated by org.testng.reporters.JUnitReportReporter -->
<testsuite skipped="0" hostname="tmzzs-MacBook-Air.local" name="com.hrms.testcases.HRMAddEmployee_DataProvide" tests="3" failures="0" timestamp="2020-05-31T14:09:27 EDT" time="97.925" errors="0">
  <testcase name="addEmployeeDataProviding" time="30.491" classname="com.hrms.testcases.HRMAddEmployee_DataProvide"/>
  <system-out/>
  <testcase name="addEmployeeDataProviding" time="27.969" classname="com.hrms.testcases.HRMAddEmployee_DataProvide"/>
  <system-out/>
  <testcase name="addEmployeeDataProviding" time="39.465" classname="com.hrms.testcases.HRMAddEmployee_DataProvide"/>
  <system-out/>
</testsuite> <!-- com.hrms.testcases.HRMAddEmployee_DataProvide -->
