<?xml version="1.0" encoding="UTF-8"?>
<!-- Generated by org.testng.reporters.JUnitReportReporter -->
<testsuite skipped="0" hostname="tmzzs-Air.fios-router.home" name="com.hrms.testcases.AddEmployeeTest" tests="3" failures="0" timestamp="2020-06-01T21:35:39 EDT" time="61.326" errors="0">
  <testcase name="addEmployeeDataProviding" time="20.235" classname="com.hrms.testcases.AddEmployeeTest"/>
  <system-out/>
  <testcase name="addEmployeeDataProviding" time="21.369" classname="com.hrms.testcases.AddEmployeeTest"/>
  <system-out/>
  <testcase name="addEmployeeDataProviding" time="19.722" classname="com.hrms.testcases.AddEmployeeTest"/>
  <system-out/>
</testsuite> <!-- com.hrms.testcases.AddEmployeeTest -->
