<?xml version="1.0" encoding="UTF-8"?>
<!-- Generated by org.testng.reporters.JUnitReportReporter -->
<testsuite skipped="1" hostname="tmzzs-Air.fios-router.home" name="com.hrms.testcases.HRMAddEmployee_DataProvide" tests="1" failures="0" timestamp="2020-05-30T22:23:08 EDT" time="0.000" errors="0">
  <testcase name="addEmployeeDataProviding" time="0.000" classname="com.hrms.testcases.HRMAddEmployee_DataProvide">
    <skipped/>
  </testcase> <!-- addEmployeeDataProviding -->
  <system-out/>
</testsuite> <!-- com.hrms.testcases.HRMAddEmployee_DataProvide -->
