<?xml version="1.0" encoding="UTF-8"?>
<!-- Generated by org.testng.reporters.JUnitReportReporter -->
<testsuite skipped="0" hostname="tmzzs-Air.fios-router.home" name="com.hrms.testcases.LoginTest" tests="2" failures="0" timestamp="2020-06-02T21:05:32 EDT" time="11.905" errors="0">
  <testcase name="invalidPasswordLogin" time="7.741" classname="com.hrms.testcases.LoginTest"/>
  <system-out/>
  <testcase name="emptyUsernameLogin" time="4.164" classname="com.hrms.testcases.LoginTest"/>
  <system-out/>
</testsuite> <!-- com.hrms.testcases.LoginTest -->
