<?xml version="1.0" encoding="UTF-8"?>
<!-- Generated by org.testng.reporters.JUnitReportReporter -->
<testsuite skipped="0" hostname="tmzzs-Air.fios-router.home" name="com.hrms.testcases.AddEmployeeTest" tests="3" failures="0" timestamp="2020-06-02T21:05:32 EDT" time="80.292" errors="0">
  <testcase name="addEmployeeDataProviding" time="30.742" classname="com.hrms.testcases.AddEmployeeTest"/>
  <system-out/>
  <testcase name="addEmployeeDataProviding" time="25.048" classname="com.hrms.testcases.AddEmployeeTest"/>
  <system-out/>
  <testcase name="addEmployeeDataProviding" time="24.502" classname="com.hrms.testcases.AddEmployeeTest"/>
  <system-out/>
</testsuite> <!-- com.hrms.testcases.AddEmployeeTest -->
